TN:
SF:src\config\database.js
FNF:0
FNH:0
DA:1,2
DA:2,2
DA:4,2
DA:22,2
LF:4
LH:4
BRDA:5,0,0,2
BRDA:5,0,1,0
BRDA:6,1,0,2
BRDA:6,1,1,0
BRDA:7,2,0,2
BRDA:7,2,1,0
BRDA:9,3,0,2
BRDA:9,3,1,0
BRDA:10,4,0,2
BRDA:10,4,1,0
BRDA:12,5,0,0
BRDA:12,5,1,2
BRF:12
BRH:6
end_of_record
TN:
SF:src\controllers\data.controller.js
FN:5,(anonymous_0)
FN:26,(anonymous_1)
FN:42,(anonymous_2)
FN:63,(anonymous_3)
FNF:4
FNH:2
FNDA:2,(anonymous_0)
FNDA:1,(anonymous_1)
FNDA:0,(anonymous_2)
FNDA:0,(anonymous_3)
DA:1,1
DA:2,1
DA:6,2
DA:7,2
DA:8,2
DA:9,1
DA:12,1
DA:13,1
DA:14,1
DA:19,0
DA:27,1
DA:28,1
DA:29,1
DA:30,1
DA:35,0
DA:43,0
DA:44,0
DA:45,0
DA:46,0
DA:49,0
DA:50,0
DA:51,0
DA:56,0
DA:64,0
DA:65,0
DA:66,0
DA:67,0
DA:70,0
DA:71,0
DA:72,0
DA:77,0
DA:85,1
LF:32
LH:14
BRDA:8,0,0,1
BRDA:8,0,1,1
BRDA:45,1,0,0
BRDA:45,1,1,0
BRDA:66,2,0,0
BRDA:66,2,1,0
BRF:6
BRH:2
end_of_record
TN:
SF:src\models\data.model.js
FNF:0
FNH:0
DA:1,2
DA:2,2
DA:4,2
DA:46,2
LF:4
LH:4
BRF:0
BRH:0
end_of_record
TN:
SF:src\services\data.service.js
FN:4,(anonymous_0)
FN:16,(anonymous_1)
FN:51,(anonymous_2)
FN:54,(anonymous_3)
FN:68,(anonymous_4)
FNF:5
FNH:5
FNDA:2,(anonymous_0)
FNDA:1,(anonymous_1)
FNDA:1,(anonymous_2)
FNDA:2,(anonymous_3)
FNDA:1,(anonymous_4)
DA:1,2
DA:5,2
DA:6,2
DA:10,1
DA:12,1
DA:17,1
DA:18,1
DA:19,1
DA:21,1
DA:22,1
DA:23,1
DA:24,0
DA:30,1
DA:37,1
DA:47,0
DA:52,1
DA:53,1
DA:55,2
DA:59,2
DA:62,1
DA:64,0
DA:69,1
DA:70,1
DA:75,1
DA:77,0
DA:82,2
LF:26
LH:22
BRDA:16,0,0,0
BRDA:18,1,0,0
BRDA:18,2,0,0
BRDA:22,3,0,0
BRDA:22,3,1,1
BRDA:23,4,0,0
BRDA:23,4,1,1
BRF:7
BRH:2
end_of_record
